[debug] [2020-12-27T22:57:22.274Z] ----------------------------------------------------------------------
[debug] [2020-12-27T22:57:22.278Z] Command:       C:\Program Files\nodejs\node.exe C:\Users\Owner\AppData\Roaming\npm\node_modules\firebase-tools\lib\bin\firebase.js emulators:start
[debug] [2020-12-27T22:57:22.279Z] CLI Version:   8.19.0
[debug] [2020-12-27T22:57:22.279Z] Platform:      win32
[debug] [2020-12-27T22:57:22.279Z] Node Version:  v10.16.0
[debug] [2020-12-27T22:57:22.281Z] Time:          Sun Dec 27 2020 14:57:22 GMT-0800 (Pacific Standard Time)
[debug] [2020-12-27T22:57:22.281Z] ----------------------------------------------------------------------
[debug] [2020-12-27T22:57:22.281Z] 
[debug] [2020-12-27T22:57:22.296Z] > command requires scopes: ["email","openid","https://www.googleapis.com/auth/cloudplatformprojects.readonly","https://www.googleapis.com/auth/firebase","https://www.googleapis.com/auth/cloud-platform"]
[debug] [2020-12-27T22:57:22.297Z] > authorizing via signed-in user
[info] i  emulators: Starting emulators: functions, hosting {"metadata":{"emulator":{"name":"hub"},"message":"Starting emulators: functions, hosting"}}
[debug] [2020-12-27T22:57:24.333Z] [hub] writing locator at C:\Users\Owner\AppData\Local\Temp\hub-clone-e2c91.json
[warn] !  functions: The following emulators are not running, calls to these services from the Functions emulator will affect production: auth, firestore, database, pubsub {"metadata":{"emulator":{"name":"functions"},"message":"The following emulators are not running, calls to these services from the Functions emulator will affect production: \u001b[1mauth, firestore, database, pubsub\u001b[22m"}}
[warn] !  Your requested "node" version "12" doesn't match your global version "10" {"metadata":{"emulator":{"name":"functions"},"message":"Your requested \"node\" version \"12\" doesn't match your global version \"10\""}}
[debug] [2020-12-27T22:57:26.419Z] defaultcredentials: writing to file C:\Users\Owner\AppData\Roaming\firebase\ericscorpio1_gmail_com_application_default_credentials.json
[debug] [2020-12-27T22:57:26.422Z] Setting GAC to C:\Users\Owner\AppData\Roaming\firebase\ericscorpio1_gmail_com_application_default_credentials.json {"metadata":{"emulator":{"name":"functions"},"message":"Setting GAC to C:\\Users\\Owner\\AppData\\Roaming\\firebase\\ericscorpio1_gmail_com_application_default_credentials.json"}}
[debug] [2020-12-27T22:57:28.452Z] >>> HTTP REQUEST GET https://firebase.googleapis.com/v1beta1/projects/clone-e2c91/webApps/-/config  
 
[debug] [2020-12-27T22:57:28.876Z] <<< HTTP RESPONSE 200 {"content-type":"application/json; charset=UTF-8","vary":"X-Origin, Referer, Origin,Accept-Encoding","date":"Sun, 27 Dec 2020 22:59:54 GMT","server":"ESF","cache-control":"private","x-xss-protection":"0","x-frame-options":"SAMEORIGIN","x-content-type-options":"nosniff","alt-svc":"h3-29=\":443\"; ma=2592000,h3-T051=\":443\"; ma=2592000,h3-Q050=\":443\"; ma=2592000,h3-Q046=\":443\"; ma=2592000,h3-Q043=\":443\"; ma=2592000,quic=\":443\"; ma=2592000; v=\"46,43\"","accept-ranges":"none","transfer-encoding":"chunked"}
[info] i  hosting: Serving hosting files from: build {"metadata":{"emulator":{"name":"hosting"},"message":"Serving hosting files from: \u001b[1mbuild\u001b[22m"}}
[info] +  hosting: Local server: http://localhost:5000 {"metadata":{"emulator":{"name":"hosting"},"message":"Local server: \u001b[4m\u001b[1mhttp://localhost:5000\u001b[22m\u001b[24m"}}
[warn] !  ui: Emulator UI unable to start on port 4000, starting on 4007 instead. {"metadata":{"emulator":{"name":"ui"},"message":"Emulator UI unable to start on port 4000, starting on 4007 instead."}}
[debug] [2020-12-27T22:57:30.983Z] Ignoring unsupported arg: auto_download {"metadata":{"emulator":{"name":"ui"},"message":"Ignoring unsupported arg: auto_download"}}
[debug] [2020-12-27T22:57:30.983Z] Ignoring unsupported arg: port {"metadata":{"emulator":{"name":"ui"},"message":"Ignoring unsupported arg: port"}}
[debug] [2020-12-27T22:57:30.983Z] Starting Emulator UI with command {"binary":"node","args":["C:\\Users\\Owner\\.cache\\firebase\\emulators\\ui-v1.3.0\\server.bundle.js"],"optionalArgs":[],"joinArgs":false} {"metadata":{"emulator":{"name":"ui"},"message":"Starting Emulator UI with command {\"binary\":\"node\",\"args\":[\"C:\\\\Users\\\\Owner\\\\.cache\\\\firebase\\\\emulators\\\\ui-v1.3.0\\\\server.bundle.js\"],\"optionalArgs\":[],\"joinArgs\":false}"}}
[info] i  ui: Emulator UI logging to ui-debug.log {"metadata":{"emulator":{"name":"ui"},"message":"Emulator UI logging to \u001b[1mui-debug.log\u001b[22m"}}
[debug] [2020-12-27T22:57:31.598Z] Web / API server started at http://localhost:4007
 {"metadata":{"emulator":{"name":"ui"},"message":"Web / API server started at http://localhost:4007\n"}}
[info] i  functions: Watching "C:\Users\Owner\Desktop\amazon-clone\functions" for Cloud Functions... {"metadata":{"emulator":{"name":"functions"},"message":"Watching \"C:\\Users\\Owner\\Desktop\\amazon-clone\\functions\" for Cloud Functions..."}}
[debug] [2020-12-27T22:57:32.099Z] [worker-pool] addWorker(~diagnostic~) {"metadata":{"emulator":{"name":"functions"},"message":"[worker-pool] addWorker(~diagnostic~)"}}
[debug] [2020-12-27T22:57:32.099Z] [worker-pool] Adding worker with key ~diagnostic~, total=1 {"metadata":{"emulator":{"name":"functions"},"message":"[worker-pool] Adding worker with key ~diagnostic~, total=1"}}
[debug] [2020-12-27T22:57:32.099Z] [worker-pool] submitWork(triggerId=) {"metadata":{"emulator":{"name":"functions"},"message":"[worker-pool] submitWork(triggerId=)"}}
[debug] [2020-12-27T22:57:32.100Z] [worker-~diagnostic~-3f912fff-bc1c-4c02-a221-8d77646722c3]: Assigning socketPath: \\?\pipe\C:\Users\Owner\Desktop\amazon-clone\functions\4056 {"metadata":{"emulator":{"name":"functions"},"message":"[worker-~diagnostic~-3f912fff-bc1c-4c02-a221-8d77646722c3]: Assigning socketPath: \\\\?\\pipe\\C:\\Users\\Owner\\Desktop\\amazon-clone\\functions\\4056"}}
[debug] [2020-12-27T22:57:32.101Z] [worker-~diagnostic~-3f912fff-bc1c-4c02-a221-8d77646722c3]: BUSY {"metadata":{"emulator":{"name":"functions"},"message":"[worker-~diagnostic~-3f912fff-bc1c-4c02-a221-8d77646722c3]: BUSY"}}
